mode: set
github.com/zhekaby/go-generator-mongo/mongowarapper/tests/users_repository.go:40.67,43.14 2 1
github.com/zhekaby/go-generator-mongo/mongowarapper/tests/users_repository.go:47.2,47.35 1 1
github.com/zhekaby/go-generator-mongo/mongowarapper/tests/users_repository.go:43.14,45.3 1 1
github.com/zhekaby/go-generator-mongo/mongowarapper/tests/users_repository.go:51.71,53.16 2 1
github.com/zhekaby/go-generator-mongo/mongowarapper/tests/users_repository.go:57.2,58.16 2 1
github.com/zhekaby/go-generator-mongo/mongowarapper/tests/users_repository.go:61.2,67.3 2 1
github.com/zhekaby/go-generator-mongo/mongowarapper/tests/users_repository.go:53.16,54.13 1 0
github.com/zhekaby/go-generator-mongo/mongowarapper/tests/users_repository.go:58.16,59.13 1 0
github.com/zhekaby/go-generator-mongo/mongowarapper/tests/users_repository.go:70.40,74.2 3 1
github.com/zhekaby/go-generator-mongo/mongowarapper/tests/users_repository.go:76.124,82.63 5 1
github.com/zhekaby/go-generator-mongo/mongowarapper/tests/users_repository.go:82.63,83.34 1 0
github.com/zhekaby/go-generator-mongo/mongowarapper/tests/users_repository.go:86.3,86.18 1 0
github.com/zhekaby/go-generator-mongo/mongowarapper/tests/users_repository.go:83.34,85.4 1 0
github.com/zhekaby/go-generator-mongo/mongowarapper/tests/users_repository.go:87.8,89.24 2 1
github.com/zhekaby/go-generator-mongo/mongowarapper/tests/users_repository.go:97.3,97.22 1 1
github.com/zhekaby/go-generator-mongo/mongowarapper/tests/users_repository.go:89.24,92.18 3 1
github.com/zhekaby/go-generator-mongo/mongowarapper/tests/users_repository.go:95.4,95.33 1 1
github.com/zhekaby/go-generator-mongo/mongowarapper/tests/users_repository.go:92.18,94.5 1 0
github.com/zhekaby/go-generator-mongo/mongowarapper/tests/users_repository.go:101.89,103.63 2 1
github.com/zhekaby/go-generator-mongo/mongowarapper/tests/users_repository.go:109.2,109.16 1 1
github.com/zhekaby/go-generator-mongo/mongowarapper/tests/users_repository.go:103.63,104.34 1 1
github.com/zhekaby/go-generator-mongo/mongowarapper/tests/users_repository.go:107.3,107.18 1 0
github.com/zhekaby/go-generator-mongo/mongowarapper/tests/users_repository.go:104.34,106.4 1 1
github.com/zhekaby/go-generator-mongo/mongowarapper/tests/users_repository.go:112.86,114.16 2 1
github.com/zhekaby/go-generator-mongo/mongowarapper/tests/users_repository.go:117.2,118.73 2 1
github.com/zhekaby/go-generator-mongo/mongowarapper/tests/users_repository.go:124.2,124.16 1 1
github.com/zhekaby/go-generator-mongo/mongowarapper/tests/users_repository.go:114.16,116.3 1 0
github.com/zhekaby/go-generator-mongo/mongowarapper/tests/users_repository.go:118.73,119.34 1 1
github.com/zhekaby/go-generator-mongo/mongowarapper/tests/users_repository.go:122.3,122.18 1 0
github.com/zhekaby/go-generator-mongo/mongowarapper/tests/users_repository.go:119.34,121.4 1 1
github.com/zhekaby/go-generator-mongo/mongowarapper/tests/users_repository.go:127.115,129.16 2 1
github.com/zhekaby/go-generator-mongo/mongowarapper/tests/users_repository.go:132.2,132.49 1 1
github.com/zhekaby/go-generator-mongo/mongowarapper/tests/users_repository.go:129.16,131.3 1 0
github.com/zhekaby/go-generator-mongo/mongowarapper/tests/users_repository.go:135.121,137.25 2 0
github.com/zhekaby/go-generator-mongo/mongowarapper/tests/users_repository.go:140.2,141.16 2 0
github.com/zhekaby/go-generator-mongo/mongowarapper/tests/users_repository.go:144.2,145.33 2 0
github.com/zhekaby/go-generator-mongo/mongowarapper/tests/users_repository.go:148.2,148.17 1 0
github.com/zhekaby/go-generator-mongo/mongowarapper/tests/users_repository.go:137.25,139.3 1 0
github.com/zhekaby/go-generator-mongo/mongowarapper/tests/users_repository.go:141.16,143.3 1 0
github.com/zhekaby/go-generator-mongo/mongowarapper/tests/users_repository.go:145.33,147.3 1 0
github.com/zhekaby/go-generator-mongo/mongowarapper/tests/users_repository.go:151.130,152.72 1 1
github.com/zhekaby/go-generator-mongo/mongowarapper/tests/users_repository.go:152.72,154.3 1 0
github.com/zhekaby/go-generator-mongo/mongowarapper/tests/users_repository.go:154.8,156.3 1 1
github.com/zhekaby/go-generator-mongo/mongowarapper/tests/users_repository.go:159.134,160.62 1 1
github.com/zhekaby/go-generator-mongo/mongowarapper/tests/users_repository.go:160.62,162.3 1 0
github.com/zhekaby/go-generator-mongo/mongowarapper/tests/users_repository.go:162.8,163.85 1 1
github.com/zhekaby/go-generator-mongo/mongowarapper/tests/users_repository.go:163.85,165.4 1 0
github.com/zhekaby/go-generator-mongo/mongowarapper/tests/users_repository.go:165.9,167.4 1 1
github.com/zhekaby/go-generator-mongo/mongowarapper/tests/users_repository.go:171.144,172.95 1 1
github.com/zhekaby/go-generator-mongo/mongowarapper/tests/users_repository.go:172.95,174.3 1 0
github.com/zhekaby/go-generator-mongo/mongowarapper/tests/users_repository.go:174.8,176.3 1 1
github.com/zhekaby/go-generator-mongo/mongowarapper/tests/users_repository.go:179.141,180.62 1 0
github.com/zhekaby/go-generator-mongo/mongowarapper/tests/users_repository.go:180.62,182.3 1 0
github.com/zhekaby/go-generator-mongo/mongowarapper/tests/users_repository.go:182.8,183.108 1 0
github.com/zhekaby/go-generator-mongo/mongowarapper/tests/users_repository.go:183.108,185.4 1 0
github.com/zhekaby/go-generator-mongo/mongowarapper/tests/users_repository.go:185.9,187.4 1 0
github.com/zhekaby/go-generator-mongo/mongowarapper/tests/users_repository.go:191.104,193.16 2 0
github.com/zhekaby/go-generator-mongo/mongowarapper/tests/users_repository.go:196.2,196.34 1 0
github.com/zhekaby/go-generator-mongo/mongowarapper/tests/users_repository.go:193.16,195.3 1 0
github.com/zhekaby/go-generator-mongo/mongowarapper/tests/users_repository.go:199.101,200.62 1 1
github.com/zhekaby/go-generator-mongo/mongowarapper/tests/users_repository.go:200.62,202.3 1 0
github.com/zhekaby/go-generator-mongo/mongowarapper/tests/users_repository.go:202.8,204.17 2 1
github.com/zhekaby/go-generator-mongo/mongowarapper/tests/users_repository.go:207.3,207.35 1 1
github.com/zhekaby/go-generator-mongo/mongowarapper/tests/users_repository.go:204.17,206.4 1 0
github.com/zhekaby/go-generator-mongo/mongowarapper/tests/users_repository.go:211.103,213.16 2 0
github.com/zhekaby/go-generator-mongo/mongowarapper/tests/users_repository.go:216.2,216.30 1 0
github.com/zhekaby/go-generator-mongo/mongowarapper/tests/users_repository.go:213.16,215.3 1 0
github.com/zhekaby/go-generator-mongo/mongowarapper/tests/users_repository.go:220.90,226.16 4 0
github.com/zhekaby/go-generator-mongo/mongowarapper/tests/users_repository.go:229.2,231.12 3 0
github.com/zhekaby/go-generator-mongo/mongowarapper/tests/users_repository.go:243.2,244.16 2 0
github.com/zhekaby/go-generator-mongo/mongowarapper/tests/users_repository.go:226.16,228.3 1 0
github.com/zhekaby/go-generator-mongo/mongowarapper/tests/users_repository.go:231.12,234.7 3 0
github.com/zhekaby/go-generator-mongo/mongowarapper/tests/users_repository.go:234.7,235.11 1 0
github.com/zhekaby/go-generator-mongo/mongowarapper/tests/users_repository.go:236.24,237.14 1 0
github.com/zhekaby/go-generator-mongo/mongowarapper/tests/users_repository.go:238.12,239.47 1 0
github.com/zhekaby/go-generator-mongo/mongowarapper/tests/users_repository.go:247.106,248.23 1 0
github.com/zhekaby/go-generator-mongo/mongowarapper/tests/users_repository.go:248.23,250.46 2 0
github.com/zhekaby/go-generator-mongo/mongowarapper/tests/users_repository.go:253.3,253.13 1 0
github.com/zhekaby/go-generator-mongo/mongowarapper/tests/users_repository.go:250.46,251.12 1 0
github.com/zhekaby/go-generator-mongo/mongowarapper/tests/users_repository.go:294.35,298.2 1 1
github.com/zhekaby/go-generator-mongo/mongowarapper/tests/users_repository.go:300.42,302.2 1 1
github.com/zhekaby/go-generator-mongo/mongowarapper/tests/users_repository.go:305.61,308.2 2 1
github.com/zhekaby/go-generator-mongo/mongowarapper/tests/users_repository.go:310.66,313.2 2 1
github.com/zhekaby/go-generator-mongo/mongowarapper/tests/users_repository.go:315.76,318.2 2 0
github.com/zhekaby/go-generator-mongo/mongowarapper/tests/users_repository.go:320.74,323.2 2 0
github.com/zhekaby/go-generator-mongo/mongowarapper/tests/users_repository.go:325.66,328.2 2 1
github.com/zhekaby/go-generator-mongo/mongowarapper/tests/users_repository.go:330.65,333.2 2 1
